Using pre-set license
Built from '2022.3/staging' branch; Version is '2022.3.45f1 (a13dfa44d684) revision 10567162'; Using compiler version '192829333'; Build Type 'Release'
OS: 'Windows 11  (10.0.26200) 64bit Core' Language: 'fr' Physical Memory: 31992 MB
BatchMode: 1, IsHumanControllingUs: 0, StartBugReporterOnCrash: 0, Is64bit: 1, IsPro: 1

COMMAND LINE ARGUMENTS:
C:\Program Files\Unity\Hub\Editor\2022.3.45f1\Editor\Unity.exe
-adb2
-batchMode
-noUpm
-name
AssetImportWorker0
-projectPath
C:/Users/miles/Gitdir/ProjetS4/Tower defense
-logFile
Logs/AssetImportWorker0.log
-srvPort
56096
Successfully changed project path to: C:/Users/miles/Gitdir/ProjetS4/Tower defense
C:/Users/miles/Gitdir/ProjetS4/Tower defense
[UnityMemory] Configuration Parameters - Can be set up in boot.config
    "memorysetup-bucket-allocator-granularity=16"
    "memorysetup-bucket-allocator-bucket-count=8"
    "memorysetup-bucket-allocator-block-size=33554432"
    "memorysetup-bucket-allocator-block-count=8"
    "memorysetup-main-allocator-block-size=16777216"
    "memorysetup-thread-allocator-block-size=16777216"
    "memorysetup-gfx-main-allocator-block-size=16777216"
    "memorysetup-gfx-thread-allocator-block-size=16777216"
    "memorysetup-cache-allocator-block-size=4194304"
    "memorysetup-typetree-allocator-block-size=2097152"
    "memorysetup-profiler-bucket-allocator-granularity=16"
    "memorysetup-profiler-bucket-allocator-bucket-count=8"
    "memorysetup-profiler-bucket-allocator-block-size=33554432"
    "memorysetup-profiler-bucket-allocator-block-count=8"
    "memorysetup-profiler-allocator-block-size=16777216"
    "memorysetup-profiler-editor-allocator-block-size=1048576"
    "memorysetup-temp-allocator-size-main=16777216"
    "memorysetup-job-temp-allocator-block-size=2097152"
    "memorysetup-job-temp-allocator-block-size-background=1048576"
    "memorysetup-job-temp-allocator-reduction-small-platforms=262144"
    "memorysetup-allocator-temp-initial-block-size-main=262144"
    "memorysetup-allocator-temp-initial-block-size-worker=262144"
    "memorysetup-temp-allocator-size-background-worker=32768"
    "memorysetup-temp-allocator-size-job-worker=262144"
    "memorysetup-temp-allocator-size-preload-manager=33554432"
    "memorysetup-temp-allocator-size-nav-mesh-worker=65536"
    "memorysetup-temp-allocator-size-audio-worker=65536"
    "memorysetup-temp-allocator-size-cloud-worker=32768"
    "memorysetup-temp-allocator-size-gi-baking-worker=262144"
    "memorysetup-temp-allocator-size-gfx=262144"
Player connection [13424]  Target information:

Player connection [13424]  * "[IP] 172.23.112.1 [Port] 0 [Flags] 2 [Guid] 2564755922 [EditorId] 2564755922 [Version] 1048832 [Id] WindowsEditor(7,Baitnateur) [Debug] 1 [PackageName] WindowsEditor [ProjectName] Editor" 

Player connection [13424]  * "[IP] 10.30.88.3 [Port] 0 [Flags] 2 [Guid] 2564755922 [EditorId] 2564755922 [Version] 1048832 [Id] WindowsEditor(7,Baitnateur) [Debug] 1 [PackageName] WindowsEditor [ProjectName] Editor" 

Player connection [13424] Host joined multi-casting on [225.0.0.222:54997]...
Player connection [13424] Host joined alternative multi-casting on [225.0.0.222:34997]...
[PhysX] Initialized MultithreadedTaskDispatcher with 12 workers.
Refreshing native plugins compatible for Editor in 17.55 ms, found 3 plugins.
Preloading 0 native plugins for Editor in 0.00 ms.
Initialize engine version: 2022.3.45f1 (a13dfa44d684)
[Subsystems] Discovering subsystems at path C:/Program Files/Unity/Hub/Editor/2022.3.45f1/Editor/Data/Resources/UnitySubsystems
[Subsystems] Discovering subsystems at path C:/Users/miles/Gitdir/ProjetS4/Tower defense/Assets
GfxDevice: creating device client; threaded=0; jobified=0
Direct3D:
    Version:  Direct3D 11.0 [level 11.1]
    Renderer: NVIDIA GeForce RTX 4060 Laptop GPU (ID=0x28e0)
    Vendor:   NVIDIA
    VRAM:     7957 MB
    Driver:   32.0.15.6626
Initialize mono
Mono path[0] = 'C:/Program Files/Unity/Hub/Editor/2022.3.45f1/Editor/Data/Managed'
Mono path[1] = 'C:/Program Files/Unity/Hub/Editor/2022.3.45f1/Editor/Data/MonoBleedingEdge/lib/mono/unityjit-win32'
Mono config path = 'C:/Program Files/Unity/Hub/Editor/2022.3.45f1/Editor/Data/MonoBleedingEdge/etc'
Using monoOptions --debugger-agent=transport=dt_socket,embedding=1,server=y,suspend=n,address=127.0.0.1:56876
Begin MonoManager ReloadAssembly
Registering precompiled unity dll's ...
Register platform support module: C:/Program Files/Unity/Hub/Editor/2022.3.45f1/Editor/Data/PlaybackEngines/WindowsStandaloneSupport/UnityEditor.WindowsStandalone.Extensions.dll
Registered in 0.013478 seconds.
- Loaded All Assemblies, in  0.583 seconds
Native extension for WindowsStandalone target not found
Mono: successfully reloaded assembly
- Finished resetting the current domain, in  0.517 seconds
Domain Reload Profiling: 1098ms
	BeginReloadAssembly (176ms)
		ExecutionOrderSort (0ms)
		DisableScriptedObjects (0ms)
		BackupInstance (0ms)
		ReleaseScriptingObjects (0ms)
		CreateAndSetChildDomain (1ms)
	RebuildCommonClasses (56ms)
	RebuildNativeTypeToScriptingClass (19ms)
	initialDomainReloadingComplete (105ms)
	LoadAllAssembliesAndSetupDomain (224ms)
		LoadAssemblies (172ms)
		RebuildTransferFunctionScriptingTraits (0ms)
		AnalyzeDomain (221ms)
			TypeCache.Refresh (219ms)
				TypeCache.ScanAssembly (198ms)
			ScanForSourceGeneratedMonoScriptInfo (1ms)
			ResolveRequiredComponents (1ms)
	FinalizeReload (518ms)
		ReleaseScriptCaches (0ms)
		RebuildScriptCaches (0ms)
		SetupLoadedEditorAssemblies (427ms)
			LogAssemblyErrors (0ms)
			InitializePlatformSupportModulesInManaged (17ms)
			SetLoadedEditorAssemblies (15ms)
			RefreshPlugins (0ms)
			BeforeProcessingInitializeOnLoad (4ms)
			ProcessInitializeOnLoadAttributes (300ms)
			ProcessInitializeOnLoadMethodAttributes (91ms)
			AfterProcessingInitializeOnLoad (0ms)
			EditorAssembliesLoaded (0ms)
		ExecutionOrderSort2 (0ms)
		AwakeInstancesAfterBackupRestoration (0ms)
========================================================================
Worker process is ready to serve import requests
Caller must complete domain reload
Begin MonoManager ReloadAssembly
- Loaded All Assemblies, in  1.209 seconds
Native extension for WindowsStandalone target not found
Mono: successfully reloaded assembly
- Finished resetting the current domain, in  1.263 seconds
Domain Reload Profiling: 2467ms
	BeginReloadAssembly (295ms)
		ExecutionOrderSort (0ms)
		DisableScriptedObjects (12ms)
		BackupInstance (0ms)
		ReleaseScriptingObjects (0ms)
		CreateAndSetChildDomain (38ms)
	RebuildCommonClasses (74ms)
	RebuildNativeTypeToScriptingClass (18ms)
	initialDomainReloadingComplete (91ms)
	LoadAllAssembliesAndSetupDomain (725ms)
		LoadAssemblies (528ms)
		RebuildTransferFunctionScriptingTraits (0ms)
		AnalyzeDomain (370ms)
			TypeCache.Refresh (326ms)
				TypeCache.ScanAssembly (305ms)
			ScanForSourceGeneratedMonoScriptInfo (31ms)
			ResolveRequiredComponents (10ms)
	FinalizeReload (1264ms)
		ReleaseScriptCaches (0ms)
		RebuildScriptCaches (0ms)
		SetupLoadedEditorAssemblies (947ms)
			LogAssemblyErrors (0ms)
			InitializePlatformSupportModulesInManaged (12ms)
			SetLoadedEditorAssemblies (6ms)
			RefreshPlugins (0ms)
			BeforeProcessingInitializeOnLoad (127ms)
			ProcessInitializeOnLoadAttributes (740ms)
			ProcessInitializeOnLoadMethodAttributes (45ms)
			AfterProcessingInitializeOnLoad (17ms)
			EditorAssembliesLoaded (0ms)
		ExecutionOrderSort2 (0ms)
		AwakeInstancesAfterBackupRestoration (15ms)
Launched and connected shader compiler UnityShaderCompiler.exe after 0.08 seconds
Refreshing native plugins compatible for Editor in 9.54 ms, found 3 plugins.
Preloading 0 native plugins for Editor in 0.00 ms.
Unloading 3277 Unused Serialized files (Serialized files now loaded: 0)
Unloading 19 unused Assets / (54.5 KB). Loaded Objects now: 3744.
Memory consumption went from 121.7 MB to 121.6 MB.
Total: 5.096600 ms (FindLiveObjects: 0.551200 ms CreateObjectMapping: 0.233200 ms MarkObjects: 4.198400 ms  DeleteObjects: 0.112200 ms)

AssetImportParameters requested are different than current active one (requested -> active):
  custom:container-demuxer-ogg: 62fdf1f143b41e24485cea50d1cbac27 -> 
  custom:video-codec-MediaFoundation-h265: 746d11721c4dcdbdad8f713fa42b33f4 -> 
  custom:video-decoder-ogg-theora: a1e56fd34408186e4bbccfd4996cb3dc -> 
  custom:framework-win-MediaFoundation: 216162199b28c13a410421893ffa2e32 -> 
  custom:CustomObjectIndexerAttribute: 9a22284fe3817be447336de3de66b15e -> 
  custom:container-demuxer-webm: 4f35f7cbe854078d1ac9338744f61a02 -> 
  custom:container-muxer-webm: aa71ff27fc2769a1b78a27578f13a17b -> 
  custom:video-decoder-webm-vp8: 9c59270c3fd7afecdb556c50c9e8de78 -> 
  custom:SearchIndexIgnoredProperties: e643bd26f0fe6173181afceb89e7c659 -> 
  custom:AudioImporter_EditorPlatform: d09bf68614088b80899f8185d706f6e7 -> 
  custom:video-encoder-webm-vp8: eb34c28f22e8b96e1ab97ce403110664 -> 
  custom:audio-decoder-ogg-vorbis: bf7c407c2cedff20999df2af8eb42d56 -> 
  custom:audio-encoder-webm-vorbis: bf7c407c2cedff20999df2af8eb42d56 -> 
========================================================================
Received Import Request.
  Time since last request: 19631.645132 seconds.
  path: Assets/Scenes
  artifactKey: Guid(087626c01ba14734cb37ebb6ac845d64) Importer(815301076,1909f56bfc062723c751e8b465ee728b)
Start importing Assets/Scenes using Guid(087626c01ba14734cb37ebb6ac845d64) Importer(815301076,1909f56bfc062723c751e8b465ee728b) [PhysX] Initialized MultithreadedTaskDispatcher with 12 workers.
 -> (artifact id: 'd3045c1ebe742be9107a4482a29b961b') in 0.004122 seconds
Number of updated asset objects reloaded before import = 0
Number of asset objects unloaded after import = 0
========================================================================
Received Import Request.
  Time since last request: 0.000043 seconds.
  path: Assets/Scenes/SampleScene.unity
  artifactKey: Guid(9fc0d4010bbf28b4594072e72b8655ab) Importer(815301076,1909f56bfc062723c751e8b465ee728b)
Start importing Assets/Scenes/SampleScene.unity using Guid(9fc0d4010bbf28b4594072e72b8655ab) Importer(815301076,1909f56bfc062723c751e8b465ee728b) [PhysX] Initialized MultithreadedTaskDispatcher with 12 workers.
 -> (artifact id: '2418d44e161e3ce2e8daeaa5c00c20e4') in 0.000923 seconds
Number of updated asset objects reloaded before import = 0
Number of asset objects unloaded after import = 0
========================================================================
Received Import Request.
  Time since last request: 22.802741 seconds.
  path: Assets/Scenes/Tests
  artifactKey: Guid(07875a42c366f7747acaee03217621a3) Importer(815301076,1909f56bfc062723c751e8b465ee728b)
Start importing Assets/Scenes/Tests using Guid(07875a42c366f7747acaee03217621a3) Importer(815301076,1909f56bfc062723c751e8b465ee728b) [PhysX] Initialized MultithreadedTaskDispatcher with 12 workers.
 -> (artifact id: '37adece93b7b2eda3b9f320680ad23ca') in 0.000829 seconds
Number of updated asset objects reloaded before import = 0
Number of asset objects unloaded after import = 0
========================================================================
Received Import Request.
  Time since last request: 11.697577 seconds.
  path: Assets/Scenes/Tests/Bait.unity
  artifactKey: Guid(00ec918d699538e43bae0fc3ddeb9c16) Importer(815301076,1909f56bfc062723c751e8b465ee728b)
Start importing Assets/Scenes/Tests/Bait.unity using Guid(00ec918d699538e43bae0fc3ddeb9c16) Importer(815301076,1909f56bfc062723c751e8b465ee728b) [PhysX] Initialized MultithreadedTaskDispatcher with 12 workers.
 -> (artifact id: 'f24e62df38f8a96e8c4d5d09b643cc1f') in 0.000733 seconds
Number of updated asset objects reloaded before import = 0
Number of asset objects unloaded after import = 0
========================================================================
Received Import Request.
  Time since last request: 1.767065 seconds.
  path: Assets/Scenes/Tests/Bait 1.unity
  artifactKey: Guid(48decdf11c8a33144b7326818e179639) Importer(815301076,1909f56bfc062723c751e8b465ee728b)
Start importing Assets/Scenes/Tests/Bait 1.unity using Guid(48decdf11c8a33144b7326818e179639) Importer(815301076,1909f56bfc062723c751e8b465ee728b) [PhysX] Initialized MultithreadedTaskDispatcher with 12 workers.
 -> (artifact id: '57e92534c01e958e47c90f726d0a1109') in 0.001498 seconds
Number of updated asset objects reloaded before import = 0
Number of asset objects unloaded after import = 0
========================================================================
Received Import Request.
  Time since last request: 12.376700 seconds.
  path: Assets/Scenes/Tests/Shoyo.unity
  artifactKey: Guid(48decdf11c8a33144b7326818e179639) Importer(815301076,1909f56bfc062723c751e8b465ee728b)
Start importing Assets/Scenes/Tests/Shoyo.unity using Guid(48decdf11c8a33144b7326818e179639) Importer(815301076,1909f56bfc062723c751e8b465ee728b) [PhysX] Initialized MultithreadedTaskDispatcher with 12 workers.
 -> (artifact id: '7e1ec8665a0f382867d55d525c1b27c0') in 0.000646 seconds
Number of updated asset objects reloaded before import = 0
Number of asset objects unloaded after import = 0
========================================================================
Received Import Request.
  Time since last request: 23.404503 seconds.
  path: Assets/Scenes/MainMenu.unity
  artifactKey: Guid(9fc0d4010bbf28b4594072e72b8655ab) Importer(815301076,1909f56bfc062723c751e8b465ee728b)
Start importing Assets/Scenes/MainMenu.unity using Guid(9fc0d4010bbf28b4594072e72b8655ab) Importer(815301076,1909f56bfc062723c751e8b465ee728b) [PhysX] Initialized MultithreadedTaskDispatcher with 12 workers.
 -> (artifact id: '2b4fe07241243b49cb6948a7d6b34f62') in 0.000852 seconds
Number of updated asset objects reloaded before import = 0
Number of asset objects unloaded after import = 0
========================================================================
Received Import Request.
  Time since last request: 137.648071 seconds.
  path: Assets/Persos
  artifactKey: Guid(36c706cd5be3df9468022e32bc12a3bf) Importer(815301076,1909f56bfc062723c751e8b465ee728b)
Start importing Assets/Persos using Guid(36c706cd5be3df9468022e32bc12a3bf) Importer(815301076,1909f56bfc062723c751e8b465ee728b) [PhysX] Initialized MultithreadedTaskDispatcher with 12 workers.
 -> (artifact id: 'abd0e0696625932a974e5b510282dd9e') in 0.000702 seconds
Number of updated asset objects reloaded before import = 0
Number of asset objects unloaded after import = 0
========================================================================
Received Import Request.
  Time since last request: 0.123312 seconds.
  path: Assets/Persos/Preview.png
  artifactKey: Guid(9453bca3004308c4b96b264d1784fd09) Importer(815301076,1909f56bfc062723c751e8b465ee728b)
Start importing Assets/Persos/Preview.png using Guid(9453bca3004308c4b96b264d1784fd09) Importer(815301076,1909f56bfc062723c751e8b465ee728b) [PhysX] Initialized MultithreadedTaskDispatcher with 12 workers.
[PhysX] Initialized MultithreadedTaskDispatcher with 12 workers.
 -> (artifact id: '103ae67754422ec633c468b3f51e539c') in 0.111478 seconds
Number of updated asset objects reloaded before import = 0
Number of asset objects unloaded after import = 2
========================================================================
Received Import Request.
  Time since last request: 8.067836 seconds.
  path: Assets/Persos/Previews
  artifactKey: Guid(bb12377c02df87e48901407488656535) Importer(815301076,1909f56bfc062723c751e8b465ee728b)
Start importing Assets/Persos/Previews using Guid(bb12377c02df87e48901407488656535) Importer(815301076,1909f56bfc062723c751e8b465ee728b) [PhysX] Initialized MultithreadedTaskDispatcher with 12 workers.
 -> (artifact id: '85b0515787a19046cc916b5f34fbd0c3') in 0.001061 seconds
Number of updated asset objects reloaded before import = 0
Number of asset objects unloaded after import = 0
========================================================================
Received Import Request.
  Time since last request: 0.839818 seconds.
  path: Assets/Persos/Previews/aid-cane.png
  artifactKey: Guid(a64ec8de83bf0c440959e54da031a295) Importer(815301076,1909f56bfc062723c751e8b465ee728b)
Start importing Assets/Persos/Previews/aid-cane.png using Guid(a64ec8de83bf0c440959e54da031a295) Importer(815301076,1909f56bfc062723c751e8b465ee728b) [PhysX] Initialized MultithreadedTaskDispatcher with 12 workers.
[PhysX] Initialized MultithreadedTaskDispatcher with 12 workers.
 -> (artifact id: 'ca01a50338bc13ab6f7da2f2141c7bf5') in 0.037284 seconds
Number of updated asset objects reloaded before import = 0
Number of asset objects unloaded after import = 2
========================================================================
Received Import Request.
  Time since last request: 0.002218 seconds.
  path: Assets/Persos/Previews/character-male-f.png
  artifactKey: Guid(88ed42367baaba743bcf282972b56b85) Importer(815301076,1909f56bfc062723c751e8b465ee728b)
Start importing Assets/Persos/Previews/character-male-f.png using Guid(88ed42367baaba743bcf282972b56b85) Importer(815301076,1909f56bfc062723c751e8b465ee728b) [PhysX] Initialized MultithreadedTaskDispatcher with 12 workers.
[PhysX] Initialized MultithreadedTaskDispatcher with 12 workers.
 -> (artifact id: '8963f36c9e9cd0477cd90890c3f15341') in 0.028044 seconds
Number of updated asset objects reloaded before import = 0
Number of asset objects unloaded after import = 2
========================================================================
Received Import Request.
  Time since last request: 0.000027 seconds.
  path: Assets/Persos/Previews/wheelchair-deluxe.png
  artifactKey: Guid(2c58467b8007bf247a17734bc0b6f0a8) Importer(815301076,1909f56bfc062723c751e8b465ee728b)
Start importing Assets/Persos/Previews/wheelchair-deluxe.png using Guid(2c58467b8007bf247a17734bc0b6f0a8) Importer(815301076,1909f56bfc062723c751e8b465ee728b) [PhysX] Initialized MultithreadedTaskDispatcher with 12 workers.
[PhysX] Initialized MultithreadedTaskDispatcher with 12 workers.
 -> (artifact id: 'f03bbf219063fe0917b78648377e3c14') in 0.039495 seconds
Number of updated asset objects reloaded before import = 0
Number of asset objects unloaded after import = 2
========================================================================
Received Import Request.
  Time since last request: 0.000029 seconds.
  path: Assets/Persos/Previews/wheelchair-power-deluxe.png
  artifactKey: Guid(228076f64860f1f48a24ebb2339d236c) Importer(815301076,1909f56bfc062723c751e8b465ee728b)
Start importing Assets/Persos/Previews/wheelchair-power-deluxe.png using Guid(228076f64860f1f48a24ebb2339d236c) Importer(815301076,1909f56bfc062723c751e8b465ee728b) [PhysX] Initialized MultithreadedTaskDispatcher with 12 workers.
[PhysX] Initialized MultithreadedTaskDispatcher with 12 workers.
 -> (artifact id: '3465baef22d560081767857caac038c8') in 0.028103 seconds
Number of updated asset objects reloaded before import = 0
Number of asset objects unloaded after import = 2
========================================================================
Received Import Request.
  Time since last request: 0.000023 seconds.
  path: Assets/Persos/Previews/character-female-a.png
  artifactKey: Guid(6d19dbeed17214749b43e524271466c1) Importer(815301076,1909f56bfc062723c751e8b465ee728b)
Start importing Assets/Persos/Previews/character-female-a.png using Guid(6d19dbeed17214749b43e524271466c1) Importer(815301076,1909f56bfc062723c751e8b465ee728b) [PhysX] Initialized MultithreadedTaskDispatcher with 12 workers.
[PhysX] Initialized MultithreadedTaskDispatcher with 12 workers.
 -> (artifact id: '5bc32e56b510866656ee1272ba6da9dc') in 0.025196 seconds
Number of updated asset objects reloaded before import = 0
Number of asset objects unloaded after import = 2
========================================================================
Received Import Request.
  Time since last request: 0.000031 seconds.
  path: Assets/Persos/Previews/aid-crutch.png
  artifactKey: Guid(cdfa379ea55b7244980a5c37a11e341b) Importer(815301076,1909f56bfc062723c751e8b465ee728b)
Start importing Assets/Persos/Previews/aid-crutch.png using Guid(cdfa379ea55b7244980a5c37a11e341b) Importer(815301076,1909f56bfc062723c751e8b465ee728b) [PhysX] Initialized MultithreadedTaskDispatcher with 12 workers.
[PhysX] Initialized MultithreadedTaskDispatcher with 12 workers.
 -> (artifact id: '5690b7a0633f1414e80c3a7d4952b753') in 0.028788 seconds
Number of updated asset objects reloaded before import = 0
Number of asset objects unloaded after import = 2
========================================================================
Received Import Request.
  Time since last request: 0.000037 seconds.
  path: Assets/Persos/Previews/character-female-c.png
  artifactKey: Guid(4e1e9909af9fef24987b220273d264de) Importer(815301076,1909f56bfc062723c751e8b465ee728b)
Start importing Assets/Persos/Previews/character-female-c.png using Guid(4e1e9909af9fef24987b220273d264de) Importer(815301076,1909f56bfc062723c751e8b465ee728b) [PhysX] Initialized MultithreadedTaskDispatcher with 12 workers.
[PhysX] Initialized MultithreadedTaskDispatcher with 12 workers.
 -> (artifact id: '409db5346f9d701c79663d9c86dad9c9') in 0.028576 seconds
Number of updated asset objects reloaded before import = 0
Number of asset objects unloaded after import = 2
========================================================================
Received Import Request.
  Time since last request: 0.000023 seconds.
  path: Assets/Persos/Previews/character-female-e.png
  artifactKey: Guid(f6e1adddac49e794fb77eee16b7733fc) Importer(815301076,1909f56bfc062723c751e8b465ee728b)
Start importing Assets/Persos/Previews/character-female-e.png using Guid(f6e1adddac49e794fb77eee16b7733fc) Importer(815301076,1909f56bfc062723c751e8b465ee728b) [PhysX] Initialized MultithreadedTaskDispatcher with 12 workers.
[PhysX] Initialized MultithreadedTaskDispatcher with 12 workers.
 -> (artifact id: '5ffd47d95e078ebe365e8d3ac6dd1dd4') in 0.027788 seconds
Number of updated asset objects reloaded before import = 0
Number of asset objects unloaded after import = 2
========================================================================
Received Import Request.
  Time since last request: 0.000030 seconds.
  path: Assets/Persos/Previews/aid-cane-low-vision.png
  artifactKey: Guid(190ce8c6068432d41938c13541884d7e) Importer(815301076,1909f56bfc062723c751e8b465ee728b)
Start importing Assets/Persos/Previews/aid-cane-low-vision.png using Guid(190ce8c6068432d41938c13541884d7e) Importer(815301076,1909f56bfc062723c751e8b465ee728b) [PhysX] Initialized MultithreadedTaskDispatcher with 12 workers.
[PhysX] Initialized MultithreadedTaskDispatcher with 12 workers.
 -> (artifact id: 'caa37594973c1e63825634f3a884f21c') in 0.028202 seconds
Number of updated asset objects reloaded before import = 0
Number of asset objects unloaded after import = 2
========================================================================
Received Import Request.
  Time since last request: 0.000030 seconds.
  path: Assets/Persos/Previews/wheelchair.png
  artifactKey: Guid(7a78322ede8356341b4af5d347a3cd64) Importer(815301076,1909f56bfc062723c751e8b465ee728b)
Start importing Assets/Persos/Previews/wheelchair.png using Guid(7a78322ede8356341b4af5d347a3cd64) Importer(815301076,1909f56bfc062723c751e8b465ee728b) [PhysX] Initialized MultithreadedTaskDispatcher with 12 workers.
[PhysX] Initialized MultithreadedTaskDispatcher with 12 workers.
 -> (artifact id: '8655d6560b53aee2295afd27475ba7ed') in 0.030939 seconds
Number of updated asset objects reloaded before import = 0
Number of asset objects unloaded after import = 2
========================================================================
Received Import Request.
  Time since last request: 0.000308 seconds.
  path: Assets/Persos/Previews/aid-sunglasses.png
  artifactKey: Guid(4472874f4dcb91c459b1abef26621787) Importer(815301076,1909f56bfc062723c751e8b465ee728b)
Start importing Assets/Persos/Previews/aid-sunglasses.png using Guid(4472874f4dcb91c459b1abef26621787) Importer(815301076,1909f56bfc062723c751e8b465ee728b) [PhysX] Initialized MultithreadedTaskDispatcher with 12 workers.
[PhysX] Initialized MultithreadedTaskDispatcher with 12 workers.
 -> (artifact id: 'f8256eb6afdc4c914e03ca6b975cb1cd') in 0.026854 seconds
Number of updated asset objects reloaded before import = 0
Number of asset objects unloaded after import = 2
========================================================================
Received Import Request.
  Time since last request: 0.000027 seconds.
  path: Assets/Persos/Previews/character-male-d.png
  artifactKey: Guid(bfc0e02f893fe2a409938665b747e4cb) Importer(815301076,1909f56bfc062723c751e8b465ee728b)
Start importing Assets/Persos/Previews/character-male-d.png using Guid(bfc0e02f893fe2a409938665b747e4cb) Importer(815301076,1909f56bfc062723c751e8b465ee728b) [PhysX] Initialized MultithreadedTaskDispatcher with 12 workers.
[PhysX] Initialized MultithreadedTaskDispatcher with 12 workers.
 -> (artifact id: 'dc68de6db8005fded39be32da8a69f98') in 0.029517 seconds
Number of updated asset objects reloaded before import = 0
Number of asset objects unloaded after import = 2
========================================================================
Received Import Request.
  Time since last request: 0.000027 seconds.
  path: Assets/Persos/Previews/aid-defibrillator-green.png
  artifactKey: Guid(ef9fadca83c83c341b61c58f4f14f28c) Importer(815301076,1909f56bfc062723c751e8b465ee728b)
Start importing Assets/Persos/Previews/aid-defibrillator-green.png using Guid(ef9fadca83c83c341b61c58f4f14f28c) Importer(815301076,1909f56bfc062723c751e8b465ee728b) [PhysX] Initialized MultithreadedTaskDispatcher with 12 workers.
[PhysX] Initialized MultithreadedTaskDispatcher with 12 workers.
 -> (artifact id: '4de0f031fd6fc09898c2700146232efe') in 0.027159 seconds
Number of updated asset objects reloaded before import = 0
Number of asset objects unloaded after import = 2
========================================================================
Received Import Request.
  Time since last request: 0.000036 seconds.
  path: Assets/Persos/Previews/aid-mask.png
  artifactKey: Guid(35bd391e68e79f9449fa282d22179145) Importer(815301076,1909f56bfc062723c751e8b465ee728b)
Start importing Assets/Persos/Previews/aid-mask.png using Guid(35bd391e68e79f9449fa282d22179145) Importer(815301076,1909f56bfc062723c751e8b465ee728b) [PhysX] Initialized MultithreadedTaskDispatcher with 12 workers.
[PhysX] Initialized MultithreadedTaskDispatcher with 12 workers.
 -> (artifact id: 'da6a09369c64c9c31ec92f4bf6b1faca') in 0.027690 seconds
Number of updated asset objects reloaded before import = 0
Number of asset objects unloaded after import = 2
========================================================================
Received Import Request.
  Time since last request: 0.000045 seconds.
  path: Assets/Persos/Previews/character-male-a.png
  artifactKey: Guid(0c6a42b07525193499c0524ea234a6d3) Importer(815301076,1909f56bfc062723c751e8b465ee728b)
Start importing Assets/Persos/Previews/character-male-a.png using Guid(0c6a42b07525193499c0524ea234a6d3) Importer(815301076,1909f56bfc062723c751e8b465ee728b) [PhysX] Initialized MultithreadedTaskDispatcher with 12 workers.
[PhysX] Initialized MultithreadedTaskDispatcher with 12 workers.
 -> (artifact id: 'f825944f67b90c3c15cea53f2891fe6f') in 0.026797 seconds
Number of updated asset objects reloaded before import = 0
Number of asset objects unloaded after import = 2
========================================================================
Received Import Request.
  Time since last request: 2.356591 seconds.
  path: Assets/Persos/Models
  artifactKey: Guid(b13861be99d9d974488d8ca93fa95c79) Importer(815301076,1909f56bfc062723c751e8b465ee728b)
Start importing Assets/Persos/Models using Guid(b13861be99d9d974488d8ca93fa95c79) Importer(815301076,1909f56bfc062723c751e8b465ee728b) [PhysX] Initialized MultithreadedTaskDispatcher with 12 workers.
 -> (artifact id: '825bd56eeb8df1c1fb6632f1aba69725') in 0.001008 seconds
Number of updated asset objects reloaded before import = 0
Number of asset objects unloaded after import = 0
========================================================================
Received Import Request.
  Time since last request: 1.030596 seconds.
  path: Assets/Persos/Models/FBX format
  artifactKey: Guid(44ec3abc29a910247b00955f7c7169a8) Importer(815301076,1909f56bfc062723c751e8b465ee728b)
Start importing Assets/Persos/Models/FBX format using Guid(44ec3abc29a910247b00955f7c7169a8) Importer(815301076,1909f56bfc062723c751e8b465ee728b) [PhysX] Initialized MultithreadedTaskDispatcher with 12 workers.
 -> (artifact id: 'af7df4b618521ec9ef41e3599c8b4ca5') in 0.000978 seconds
Number of updated asset objects reloaded before import = 0
Number of asset objects unloaded after import = 0
========================================================================
Received Import Request.
  Time since last request: 0.133754 seconds.
  path: Assets/Persos/Models/FBX format/aid-cane.fbx
  artifactKey: Guid(a334c3d45297aa94ab86836337a984c5) Importer(815301076,1909f56bfc062723c751e8b465ee728b)
Start importing Assets/Persos/Models/FBX format/aid-cane.fbx using Guid(a334c3d45297aa94ab86836337a984c5) Importer(815301076,1909f56bfc062723c751e8b465ee728b) [PhysX] Initialized MultithreadedTaskDispatcher with 12 workers.
[PhysX] Initialized MultithreadedTaskDispatcher with 12 workers.
[PhysX] Initialized MultithreadedTaskDispatcher with 12 workers.
[PhysX] Initialized MultithreadedTaskDispatcher with 12 workers.
 -> (artifact id: '73b6b6864f96f3d8dac6b84cb58b0478') in 0.504382 seconds
Number of updated asset objects reloaded before import = 0
Number of asset objects unloaded after import = 9
========================================================================
Received Import Request.
  Time since last request: 0.000038 seconds.
  path: Assets/Persos/Models/FBX format/character-female-a.fbx
  artifactKey: Guid(22a47125537756c4fa9c217938861b42) Importer(815301076,1909f56bfc062723c751e8b465ee728b)
Start importing Assets/Persos/Models/FBX format/character-female-a.fbx using Guid(22a47125537756c4fa9c217938861b42) Importer(815301076,1909f56bfc062723c751e8b465ee728b) [PhysX] Initialized MultithreadedTaskDispatcher with 12 workers.
[PhysX] Initialized MultithreadedTaskDispatcher with 12 workers.
[PhysX] Initialized MultithreadedTaskDispatcher with 12 workers.
[PhysX] Initialized MultithreadedTaskDispatcher with 12 workers.
[PhysX] Initialized MultithreadedTaskDispatcher with 12 workers.
[PhysX] Initialized MultithreadedTaskDispatcher with 12 workers.
[PhysX] Initialized MultithreadedTaskDispatcher with 12 workers.
 -> (artifact id: '0b8a25c52305850c3796961a7d026548') in 0.134781 seconds
Number of updated asset objects reloaded before import = 0
Number of asset objects unloaded after import = 60
========================================================================
Received Import Request.
  Time since last request: 0.000046 seconds.
  path: Assets/Persos/Models/FBX format/character-female-e.fbx
  artifactKey: Guid(44497c360b7b84d41a75c83bbd735f2a) Importer(815301076,1909f56bfc062723c751e8b465ee728b)
Start importing Assets/Persos/Models/FBX format/character-female-e.fbx using Guid(44497c360b7b84d41a75c83bbd735f2a) Importer(815301076,1909f56bfc062723c751e8b465ee728b) [PhysX] Initialized MultithreadedTaskDispatcher with 12 workers.
[PhysX] Initialized MultithreadedTaskDispatcher with 12 workers.
[PhysX] Initialized MultithreadedTaskDispatcher with 12 workers.
[PhysX] Initialized MultithreadedTaskDispatcher with 12 workers.
[PhysX] Initialized MultithreadedTaskDispatcher with 12 workers.
[PhysX] Initialized MultithreadedTaskDispatcher with 12 workers.
[PhysX] Initialized MultithreadedTaskDispatcher with 12 workers.
 -> (artifact id: '0e68455601d3b1a4b8855054ffa3a58c') in 0.079039 seconds
Number of updated asset objects reloaded before import = 0
Number of asset objects unloaded after import = 60
========================================================================
Received Import Request.
  Time since last request: 0.000034 seconds.
  path: Assets/Persos/Models/FBX format/character-male-c.fbx
  artifactKey: Guid(91121d857a2d74b408df2c936b48ab3b) Importer(815301076,1909f56bfc062723c751e8b465ee728b)
Start importing Assets/Persos/Models/FBX format/character-male-c.fbx using Guid(91121d857a2d74b408df2c936b48ab3b) Importer(815301076,1909f56bfc062723c751e8b465ee728b) [PhysX] Initialized MultithreadedTaskDispatcher with 12 workers.
[PhysX] Initialized MultithreadedTaskDispatcher with 12 workers.
[PhysX] Initialized MultithreadedTaskDispatcher with 12 workers.
[PhysX] Initialized MultithreadedTaskDispatcher with 12 workers.
[PhysX] Initialized MultithreadedTaskDispatcher with 12 workers.
[PhysX] Initialized MultithreadedTaskDispatcher with 12 workers.
[PhysX] Initialized MultithreadedTaskDispatcher with 12 workers.
 -> (artifact id: '4bc3c413ba20e9a724171e271f124ce1') in 0.076681 seconds
Number of updated asset objects reloaded before import = 0
Number of asset objects unloaded after import = 60
========================================================================
Received Import Request.
  Time since last request: 0.000027 seconds.
  path: Assets/Persos/Models/FBX format/wheelchair-power-deluxe.fbx
  artifactKey: Guid(c80005308d8a6e1428f39273644c162c) Importer(815301076,1909f56bfc062723c751e8b465ee728b)
Start importing Assets/Persos/Models/FBX format/wheelchair-power-deluxe.fbx using Guid(c80005308d8a6e1428f39273644c162c) Importer(815301076,1909f56bfc062723c751e8b465ee728b) [PhysX] Initialized MultithreadedTaskDispatcher with 12 workers.
[PhysX] Initialized MultithreadedTaskDispatcher with 12 workers.
[PhysX] Initialized MultithreadedTaskDispatcher with 12 workers.
[PhysX] Initialized MultithreadedTaskDispatcher with 12 workers.
 -> (artifact id: '4c555bfd2a3a0ccf83ca921f452f158f') in 0.040026 seconds
Number of updated asset objects reloaded before import = 0
Number of asset objects unloaded after import = 9
========================================================================
Received Import Request.
  Time since last request: 0.000022 seconds.
  path: Assets/Persos/Models/FBX format/aid-crutch.fbx
  artifactKey: Guid(6d52bf22562705442bf04ae68aaf13b9) Importer(815301076,1909f56bfc062723c751e8b465ee728b)
Start importing Assets/Persos/Models/FBX format/aid-crutch.fbx using Guid(6d52bf22562705442bf04ae68aaf13b9) Importer(815301076,1909f56bfc062723c751e8b465ee728b) [PhysX] Initialized MultithreadedTaskDispatcher with 12 workers.
[PhysX] Initialized MultithreadedTaskDispatcher with 12 workers.
[PhysX] Initialized MultithreadedTaskDispatcher with 12 workers.
[PhysX] Initialized MultithreadedTaskDispatcher with 12 workers.
[PhysX] Initialized MultithreadedTaskDispatcher with 12 workers.
[PhysX] Initialized MultithreadedTaskDispatcher with 12 workers.
 -> (artifact id: 'ce70920a41b1bd30b0a806c4ff5fa858') in 0.052530 seconds
Number of updated asset objects reloaded before import = 0
Number of asset objects unloaded after import = 14
========================================================================
Received Import Request.
  Time since last request: 0.000027 seconds.
  path: Assets/Persos/Models/FBX format/aid-defibrillator-red.fbx
  artifactKey: Guid(52162a41c90c94d42bc766cfd1d629bc) Importer(815301076,1909f56bfc062723c751e8b465ee728b)
Start importing Assets/Persos/Models/FBX format/aid-defibrillator-red.fbx using Guid(52162a41c90c94d42bc766cfd1d629bc) Importer(815301076,1909f56bfc062723c751e8b465ee728b) [PhysX] Initialized MultithreadedTaskDispatcher with 12 workers.
[PhysX] Initialized MultithreadedTaskDispatcher with 12 workers.
[PhysX] Initialized MultithreadedTaskDispatcher with 12 workers.
[PhysX] Initialized MultithreadedTaskDispatcher with 12 workers.
[PhysX] Initialized MultithreadedTaskDispatcher with 12 workers.
[PhysX] Initialized MultithreadedTaskDispatcher with 12 workers.
 -> (artifact id: '8e693d020d8348735e226284af4689af') in 0.055597 seconds
Number of updated asset objects reloaded before import = 0
Number of asset objects unloaded after import = 14
========================================================================
Received Import Request.
  Time since last request: 0.000039 seconds.
  path: Assets/Persos/Models/FBX format/character-female-c.fbx
  artifactKey: Guid(5e540a22ed664be4ebdfa8d84bb526ce) Importer(815301076,1909f56bfc062723c751e8b465ee728b)
Start importing Assets/Persos/Models/FBX format/character-female-c.fbx using Guid(5e540a22ed664be4ebdfa8d84bb526ce) Importer(815301076,1909f56bfc062723c751e8b465ee728b) [PhysX] Initialized MultithreadedTaskDispatcher with 12 workers.
[PhysX] Initialized MultithreadedTaskDispatcher with 12 workers.
[PhysX] Initialized MultithreadedTaskDispatcher with 12 workers.
[PhysX] Initialized MultithreadedTaskDispatcher with 12 workers.
[PhysX] Initialized MultithreadedTaskDispatcher with 12 workers.
[PhysX] Initialized MultithreadedTaskDispatcher with 12 workers.
[PhysX] Initialized MultithreadedTaskDispatcher with 12 workers.
 -> (artifact id: 'fa106a01e77cd17939d733e1be890182') in 0.076739 seconds
Number of updated asset objects reloaded before import = 0
Number of asset objects unloaded after import = 60
========================================================================
Received Import Request.
  Time since last request: 0.000027 seconds.
  path: Assets/Persos/Models/FBX format/character-male-f.fbx
  artifactKey: Guid(e6ecd486bd7c5474c8be5d44b0985a83) Importer(815301076,1909f56bfc062723c751e8b465ee728b)
Start importing Assets/Persos/Models/FBX format/character-male-f.fbx using Guid(e6ecd486bd7c5474c8be5d44b0985a83) Importer(815301076,1909f56bfc062723c751e8b465ee728b) [PhysX] Initialized MultithreadedTaskDispatcher with 12 workers.
[PhysX] Initialized MultithreadedTaskDispatcher with 12 workers.
[PhysX] Initialized MultithreadedTaskDispatcher with 12 workers.
[PhysX] Initialized MultithreadedTaskDispatcher with 12 workers.
[PhysX] Initialized MultithreadedTaskDispatcher with 12 workers.
[PhysX] Initialized MultithreadedTaskDispatcher with 12 workers.
[PhysX] Initialized MultithreadedTaskDispatcher with 12 workers.
 -> (artifact id: 'aca39c4a1003f8bfccb16fc7bf34cc2f') in 0.071399 seconds
Number of updated asset objects reloaded before import = 0
Number of asset objects unloaded after import = 60
========================================================================
Received Import Request.
  Time since last request: 0.000027 seconds.
  path: Assets/Persos/Models/FBX format/character-male-e.fbx
  artifactKey: Guid(16931c1338674c844a42c213e3833f56) Importer(815301076,1909f56bfc062723c751e8b465ee728b)
Start importing Assets/Persos/Models/FBX format/character-male-e.fbx using Guid(16931c1338674c844a42c213e3833f56) Importer(815301076,1909f56bfc062723c751e8b465ee728b) [PhysX] Initialized MultithreadedTaskDispatcher with 12 workers.
[PhysX] Initialized MultithreadedTaskDispatcher with 12 workers.
[PhysX] Initialized MultithreadedTaskDispatcher with 12 workers.
[PhysX] Initialized MultithreadedTaskDispatcher with 12 workers.
[PhysX] Initialized MultithreadedTaskDispatcher with 12 workers.
[PhysX] Initialized MultithreadedTaskDispatcher with 12 workers.
[PhysX] Initialized MultithreadedTaskDispatcher with 12 workers.
 -> (artifact id: '8fe706ef87f1ea775ea2522b8e349d6b') in 0.068957 seconds
Number of updated asset objects reloaded before import = 0
Number of asset objects unloaded after import = 60
========================================================================
Received Import Request.
  Time since last request: 0.000025 seconds.
  path: Assets/Persos/Models/FBX format/aid-mask.fbx
  artifactKey: Guid(70a5136fcfd029943ae4a6a996bfe93b) Importer(815301076,1909f56bfc062723c751e8b465ee728b)
Start importing Assets/Persos/Models/FBX format/aid-mask.fbx using Guid(70a5136fcfd029943ae4a6a996bfe93b) Importer(815301076,1909f56bfc062723c751e8b465ee728b) [PhysX] Initialized MultithreadedTaskDispatcher with 12 workers.
[PhysX] Initialized MultithreadedTaskDispatcher with 12 workers.
[PhysX] Initialized MultithreadedTaskDispatcher with 12 workers.
[PhysX] Initialized MultithreadedTaskDispatcher with 12 workers.
 -> (artifact id: '4e4c48e5b8132b77381945613b8f8a23') in 0.040071 seconds
Number of updated asset objects reloaded before import = 0
Number of asset objects unloaded after import = 9
========================================================================
Received Import Request.
  Time since last request: 0.000045 seconds.
  path: Assets/Persos/Models/FBX format/character-female-d.fbx
  artifactKey: Guid(1892bd656ef96d243a612648dab6993e) Importer(815301076,1909f56bfc062723c751e8b465ee728b)
Start importing Assets/Persos/Models/FBX format/character-female-d.fbx using Guid(1892bd656ef96d243a612648dab6993e) Importer(815301076,1909f56bfc062723c751e8b465ee728b) [PhysX] Initialized MultithreadedTaskDispatcher with 12 workers.
[PhysX] Initialized MultithreadedTaskDispatcher with 12 workers.
[PhysX] Initialized MultithreadedTaskDispatcher with 12 workers.
[PhysX] Initialized MultithreadedTaskDispatcher with 12 workers.
[PhysX] Initialized MultithreadedTaskDispatcher with 12 workers.
[PhysX] Initialized MultithreadedTaskDispatcher with 12 workers.
[PhysX] Initialized MultithreadedTaskDispatcher with 12 workers.
 -> (artifact id: 'd99b731f9677b2138d1655bbf785a406') in 0.067515 seconds
Number of updated asset objects reloaded before import = 0
Number of asset objects unloaded after import = 60
Editor requested this worker to shutdown with reason: Scaling down because of idle timeout
TcpMessagingSession - receive error: operation aborted. errorcode: 995, details: L’opération d’entrée/sortie a été abandonnée en raison de l’arrêt d’un thread ou à la demande d’une application.
AssetImportWorker is now disconnected from the server
Process exiting
Exiting without the bug reporter. Application will terminate with return code 0